c:\users\zay\downloads\arbit-script-refo (1)\arbit-script-refo\x64\release\vc142.pdb
c:\users\zay\downloads\arbit-script-refo (1)\arbit-script-refo\x64\release\protectmain.obj
c:\users\zay\downloads\arbit-script-refo (1)\arbit-script-refo\x64\release\md5.obj
c:\users\zay\downloads\arbit-script-refo (1)\arbit-script-refo\x64\release\main.obj
c:\users\zay\downloads\arbit-script-refo (1)\arbit-script-refo\x64\release\imgui_widgets.obj
c:\users\zay\downloads\arbit-script-refo (1)\arbit-script-refo\x64\release\imgui_impl_win32.obj
c:\users\zay\downloads\arbit-script-refo (1)\arbit-script-refo\x64\release\imgui_impl_dx9.obj
c:\users\zay\downloads\arbit-script-refo (1)\arbit-script-refo\x64\release\imgui_draw.obj
c:\users\zay\downloads\arbit-script-refo (1)\arbit-script-refo\x64\release\imgui_demo.obj
c:\users\zay\downloads\arbit-script-refo (1)\arbit-script-refo\x64\release\imgui.obj
c:\users\zay\downloads\arbit-script-refo (1)\arbit-script-refo\x64\release\includes.obj
c:\users\zay\downloads\arbit-script-refo (1)\arbit-script-refo\x64\release\mag.exe
c:\users\zay\downloads\arbit-script-refo (1)\arbit-script-refo\x64\release\mag.pdb
c:\users\zay\downloads\arbit-script-refo (1)\arbit-script-refo\x64\release\mag.ipdb
c:\users\zay\downloads\arbit-script-refo (1)\arbit-script-refo\x64\release\mag.iobj
c:\users\zay\downloads\arbit-script-refo (1)\arbit-script-refo\x64\release\mag.tlog\cl.command.1.tlog
c:\users\zay\downloads\arbit-script-refo (1)\arbit-script-refo\x64\release\mag.tlog\cl.read.1.tlog
c:\users\zay\downloads\arbit-script-refo (1)\arbit-script-refo\x64\release\mag.tlog\cl.write.1.tlog
c:\users\zay\downloads\arbit-script-refo (1)\arbit-script-refo\x64\release\mag.tlog\link.command.1.tlog
c:\users\zay\downloads\arbit-script-refo (1)\arbit-script-refo\x64\release\mag.tlog\link.read.1.tlog
c:\users\zay\downloads\arbit-script-refo (1)\arbit-script-refo\x64\release\mag.tlog\link.write.1.tlog
c:\users\zay\downloads\arbit-script-refo (1)\arbit-script-refo\x64\release\mag.tlog\mag.write.1u.tlog
